\BOOKMARK [0][-]{chapter.1}{Présentation du métier}{}% 1
\BOOKMARK [1][-]{section.1.1}{Prérequis}{chapter.1}% 2
\BOOKMARK [2][-]{subsection.1.1.1}{Formation}{section.1.1}% 3
\BOOKMARK [2][-]{subsection.1.1.2}{Compétences}{section.1.1}% 4
\BOOKMARK [1][-]{section.1.2}{Types de tâches à réaliser}{chapter.1}% 5
\BOOKMARK [2][-]{subsection.1.2.1}{Enseignement}{section.1.2}% 6
\BOOKMARK [2][-]{subsection.1.2.2}{Recherche}{section.1.2}% 7
\BOOKMARK [1][-]{section.1.3}{Lien\040avec\040les\040modules}{chapter.1}% 8
\BOOKMARK [2][-]{subsection.1.3.1}{Compétences pratiques}{section.1.3}% 9
\BOOKMARK [2][-]{subsection.1.3.2}{Compétences théoriques}{section.1.3}% 10
\BOOKMARK [0][-]{chapter.2}{Outils}{}% 11
\BOOKMARK [1][-]{section.2.1}{Littérature scientifique}{chapter.2}% 12
\BOOKMARK [2][-]{subsection.2.1.1}{Le libre accès}{section.2.1}% 13
\BOOKMARK [2][-]{subsection.2.1.2}{Les\040revues\040payantes}{section.2.1}% 14
\BOOKMARK [1][-]{section.2.2}{Autre}{chapter.2}% 15
\BOOKMARK [0][-]{chapter.3}{Journée des métiers}{}% 16
\BOOKMARK [1][-]{section.3.1}{Matinée}{chapter.3}% 17
\BOOKMARK [1][-]{section.3.2}{Après-midi}{chapter.3}% 18
\BOOKMARK [2][-]{subsection.3.2.1}{Conférences}{section.3.2}% 19
\BOOKMARK [2][-]{subsection.3.2.2}{Doctorants}{section.3.2}% 20
